<?xml version="1.0" encoding="utf-8"?>
<coverage line-rate="0.9795" branch-rate="0.8828" version="1.9" timestamp="1764579631" lines-covered="383" lines-valid="391" branches-covered="113" branches-valid="128">
  <sources>
    <source>C:\Users\asakuno.nako\source\repos\azure_import_csv\azure_import_csv\</source>
  </sources>
  <packages>
    <package name="azure_import_csv" line-rate="0.9795" branch-rate="0.8828" complexity="151">
      <classes>
        <class name="Program/&lt;Main&gt;d__0" filename="Program.cs" line-rate="0" branch-rate="1" complexity="1">
          <methods>
            <method name="MoveNext" signature="()" line-rate="0" branch-rate="1" complexity="1">
              <lines>
                <line number="13" hits="0" branch="False" />
                <line number="14" hits="0" branch="False" />
                <line number="15" hits="0" branch="False" />
                <line number="16" hits="0" branch="False" />
              </lines>
            </method>
          </methods>
          <lines>
            <line number="13" hits="0" branch="False" />
            <line number="14" hits="0" branch="False" />
            <line number="15" hits="0" branch="False" />
            <line number="16" hits="0" branch="False" />
          </lines>
        </class>
        <class name="azure_import_csv.BlobConnection" filename="BlobConnection.cs" line-rate="1" branch-rate="1" complexity="5">
          <methods>
            <method name="get_uploadContainer" signature="()" line-rate="1" branch-rate="1" complexity="1">
              <lines>
                <line number="13" hits="21" branch="False" />
              </lines>
            </method>
            <method name="get_logContainer" signature="()" line-rate="1" branch-rate="1" complexity="1">
              <lines>
                <line number="14" hits="17" branch="False" />
              </lines>
            </method>
            <method name="get_errorContainer" signature="()" line-rate="1" branch-rate="1" complexity="1">
              <lines>
                <line number="15" hits="14" branch="False" />
              </lines>
            </method>
            <method name="get_backupContainer" signature="()" line-rate="1" branch-rate="1" complexity="1">
              <lines>
                <line number="16" hits="12" branch="False" />
              </lines>
            </method>
            <method name="Connection" signature="()" line-rate="1" branch-rate="1" complexity="1">
              <lines>
                <line number="19" hits="11" branch="False" />
                <line number="20" hits="11" branch="False" />
                <line number="21" hits="11" branch="False" />
                <line number="22" hits="11" branch="False" />
                <line number="23" hits="11" branch="False" />
                <line number="24" hits="11" branch="False" />
                <line number="27" hits="11" branch="False" />
                <line number="28" hits="11" branch="False" />
                <line number="29" hits="11" branch="False" />
                <line number="30" hits="11" branch="False" />
                <line number="31" hits="11" branch="False" />
                <line number="33" hits="11" branch="False" />
              </lines>
            </method>
          </methods>
          <lines>
            <line number="13" hits="21" branch="False" />
            <line number="14" hits="17" branch="False" />
            <line number="15" hits="14" branch="False" />
            <line number="16" hits="12" branch="False" />
            <line number="19" hits="11" branch="False" />
            <line number="20" hits="11" branch="False" />
            <line number="21" hits="11" branch="False" />
            <line number="22" hits="11" branch="False" />
            <line number="23" hits="11" branch="False" />
            <line number="24" hits="11" branch="False" />
            <line number="27" hits="11" branch="False" />
            <line number="28" hits="11" branch="False" />
            <line number="29" hits="11" branch="False" />
            <line number="30" hits="11" branch="False" />
            <line number="31" hits="11" branch="False" />
            <line number="33" hits="11" branch="False" />
          </lines>
        </class>
        <class name="azure_import_csv.CsvCheck" filename="CsvCheck.cs" line-rate="1" branch-rate="0.8541" complexity="96">
          <methods>
            <method name="check" signature="(System.Collections.Generic.List`1&lt;System.String&gt;)" line-rate="1" branch-rate="0.9137000000000001" complexity="58">
              <lines>
                <line number="19" hits="4" branch="False" />
                <line number="21" hits="4" branch="False" />
                <line number="22" hits="4" branch="False" />
                <line number="24" hits="128" branch="True" condition-coverage="100% (2/2)">
                  <conditions>
                    <condition number="659" type="jump" coverage="100%" />
                  </conditions>
                </line>
                <line number="25" hits="60" branch="False" />
                <line number="26" hits="60" branch="False" />
                <line number="27" hits="60" branch="False" />
                <line number="30" hits="60" branch="True" condition-coverage="100% (16/16)">
                  <conditions>
                    <condition number="35" type="switch" coverage="100%" />
                  </conditions>
                </line>
                <line number="34" hits="4" branch="True" condition-coverage="75% (3/4)">
                  <conditions>
                    <condition number="111" type="jump" coverage="50%" />
                    <condition number="126" type="jump" coverage="100%" />
                  </conditions>
                </line>
                <line number="35" hits="2" branch="False" />
                <line number="36" hits="2" branch="False" />
                <line number="37" hits="2" branch="False" />
                <line number="39" hits="2" branch="False" />
                <line number="40" hits="2" branch="False" />
                <line number="41" hits="2" branch="False" />
                <line number="42" hits="4" branch="False" />
                <line number="45" hits="4" branch="True" condition-coverage="75% (3/4)">
                  <conditions>
                    <condition number="155" type="jump" coverage="50%" />
                    <condition number="170" type="jump" coverage="100%" />
                  </conditions>
                </line>
                <line number="46" hits="2" branch="False" />
                <line number="47" hits="2" branch="False" />
                <line number="48" hits="2" branch="False" />
                <line number="50" hits="2" branch="False" />
                <line number="51" hits="2" branch="False" />
                <line number="52" hits="2" branch="False" />
                <line number="53" hits="4" branch="False" />
                <line number="56" hits="4" branch="True" condition-coverage="75% (3/4)">
                  <conditions>
                    <condition number="199" type="jump" coverage="50%" />
                    <condition number="214" type="jump" coverage="100%" />
                  </conditions>
                </line>
                <line number="57" hits="2" branch="False" />
                <line number="58" hits="2" branch="False" />
                <line number="59" hits="2" branch="False" />
                <line number="61" hits="2" branch="False" />
                <line number="62" hits="2" branch="False" />
                <line number="63" hits="2" branch="False" />
                <line number="64" hits="4" branch="False" />
                <line number="67" hits="4" branch="True" condition-coverage="75% (3/4)">
                  <conditions>
                    <condition number="243" type="jump" coverage="50%" />
                    <condition number="258" type="jump" coverage="100%" />
                  </conditions>
                </line>
                <line number="68" hits="2" branch="False" />
                <line number="69" hits="2" branch="False" />
                <line number="70" hits="2" branch="False" />
                <line number="72" hits="2" branch="False" />
                <line number="73" hits="2" branch="False" />
                <line number="74" hits="2" branch="False" />
                <line number="75" hits="4" branch="False" />
                <line number="78" hits="4" branch="True" condition-coverage="75% (3/4)">
                  <conditions>
                    <condition number="287" type="jump" coverage="50%" />
                    <condition number="302" type="jump" coverage="100%" />
                  </conditions>
                </line>
                <line number="79" hits="2" branch="False" />
                <line number="80" hits="2" branch="False" />
                <line number="81" hits="2" branch="False" />
                <line number="83" hits="2" branch="False" />
                <line number="84" hits="2" branch="False" />
                <line number="85" hits="2" branch="False" />
                <line number="86" hits="4" branch="False" />
                <line number="89" hits="4" branch="True" condition-coverage="100% (2/2)">
                  <conditions>
                    <condition number="335" type="jump" coverage="100%" />
                  </conditions>
                </line>
                <line number="90" hits="2" branch="False" />
                <line number="91" hits="2" branch="False" />
                <line number="92" hits="2" branch="False" />
                <line number="94" hits="2" branch="False" />
                <line number="95" hits="2" branch="False" />
                <line number="96" hits="2" branch="False" />
                <line number="97" hits="4" branch="False" />
                <line number="100" hits="4" branch="True" condition-coverage="100% (2/2)">
                  <conditions>
                    <condition number="368" type="jump" coverage="100%" />
                  </conditions>
                </line>
                <line number="101" hits="2" branch="False" />
                <line number="102" hits="2" branch="False" />
                <line number="103" hits="2" branch="False" />
                <line number="105" hits="2" branch="False" />
                <line number="106" hits="2" branch="False" />
                <line number="107" hits="2" branch="False" />
                <line number="108" hits="4" branch="False" />
                <line number="111" hits="4" branch="True" condition-coverage="100% (2/2)">
                  <conditions>
                    <condition number="401" type="jump" coverage="100%" />
                  </conditions>
                </line>
                <line number="112" hits="2" branch="False" />
                <line number="113" hits="2" branch="False" />
                <line number="114" hits="2" branch="False" />
                <line number="116" hits="2" branch="False" />
                <line number="117" hits="2" branch="False" />
                <line number="118" hits="2" branch="False" />
                <line number="119" hits="4" branch="False" />
                <line number="122" hits="4" branch="True" condition-coverage="100% (2/2)">
                  <conditions>
                    <condition number="434" type="jump" coverage="100%" />
                  </conditions>
                </line>
                <line number="123" hits="2" branch="False" />
                <line number="124" hits="2" branch="False" />
                <line number="125" hits="2" branch="False" />
                <line number="127" hits="2" branch="False" />
                <line number="128" hits="2" branch="False" />
                <line number="129" hits="2" branch="False" />
                <line number="130" hits="4" branch="False" />
                <line number="133" hits="4" branch="True" condition-coverage="100% (2/2)">
                  <conditions>
                    <condition number="467" type="jump" coverage="100%" />
                  </conditions>
                </line>
                <line number="134" hits="2" branch="False" />
                <line number="135" hits="2" branch="False" />
                <line number="136" hits="2" branch="False" />
                <line number="138" hits="2" branch="False" />
                <line number="139" hits="2" branch="False" />
                <line number="140" hits="2" branch="False" />
                <line number="141" hits="4" branch="False" />
                <line number="144" hits="4" branch="True" condition-coverage="100% (2/2)">
                  <conditions>
                    <condition number="500" type="jump" coverage="100%" />
                  </conditions>
                </line>
                <line number="145" hits="2" branch="False" />
                <line number="146" hits="2" branch="False" />
                <line number="147" hits="2" branch="False" />
                <line number="149" hits="2" branch="False" />
                <line number="150" hits="2" branch="False" />
                <line number="151" hits="2" branch="False" />
                <line number="152" hits="4" branch="False" />
                <line number="155" hits="4" branch="True" condition-coverage="100% (2/2)">
                  <conditions>
                    <condition number="530" type="jump" coverage="100%" />
                  </conditions>
                </line>
                <line number="156" hits="2" branch="False" />
                <line number="157" hits="2" branch="False" />
                <line number="158" hits="2" branch="False" />
                <line number="160" hits="2" branch="False" />
                <line number="161" hits="2" branch="False" />
                <line number="162" hits="2" branch="False" />
                <line number="163" hits="4" branch="False" />
                <line number="166" hits="4" branch="True" condition-coverage="100% (2/2)">
                  <conditions>
                    <condition number="560" type="jump" coverage="100%" />
                  </conditions>
                </line>
                <line number="167" hits="2" branch="False" />
                <line number="168" hits="2" branch="False" />
                <line number="169" hits="2" branch="False" />
                <line number="171" hits="2" branch="False" />
                <line number="172" hits="2" branch="False" />
                <line number="173" hits="2" branch="False" />
                <line number="174" hits="4" branch="False" />
                <line number="177" hits="4" branch="True" condition-coverage="100% (2/2)">
                  <conditions>
                    <condition number="590" type="jump" coverage="100%" />
                  </conditions>
                </line>
                <line number="178" hits="2" branch="False" />
                <line number="179" hits="2" branch="False" />
                <line number="180" hits="2" branch="False" />
                <line number="182" hits="2" branch="False" />
                <line number="183" hits="2" branch="False" />
                <line number="184" hits="2" branch="False" />
                <line number="185" hits="4" branch="False" />
                <line number="188" hits="4" branch="True" condition-coverage="100% (2/2)">
                  <conditions>
                    <condition number="620" type="jump" coverage="100%" />
                  </conditions>
                </line>
                <line number="189" hits="2" branch="False" />
                <line number="190" hits="2" branch="False" />
                <line number="191" hits="2" branch="False" />
                <line number="193" hits="2" branch="False" />
                <line number="194" hits="2" branch="False" />
                <line number="195" hits="2" branch="False" />
                <line number="196" hits="4" branch="False" />
                <line number="198" hits="60" branch="False" />
                <line number="199" hits="60" branch="False" />
                <line number="200" hits="4" branch="False" />
                <line number="201" hits="4" branch="False" />
              </lines>
            </method>
            <method name="IsNullOrEmptyCheck" signature="(System.String)" line-rate="1" branch-rate="1" complexity="2">
              <lines>
                <line number="205" hits="22" branch="False" />
                <line number="206" hits="22" branch="True" condition-coverage="100% (2/2)">
                  <conditions>
                    <condition number="12" type="jump" coverage="100%" />
                  </conditions>
                </line>
                <line number="207" hits="21" branch="False" />
                <line number="208" hits="21" branch="False" />
                <line number="210" hits="1" branch="False" />
                <line number="211" hits="22" branch="False" />
              </lines>
            </method>
            <method name="RestaurantIdCheck" signature="(System.String)" line-rate="1" branch-rate="0.75" complexity="4">
              <lines>
                <line number="215" hits="5" branch="False" />
                <line number="216" hits="5" branch="True" condition-coverage="75% (3/4)">
                  <conditions>
                    <condition number="2" type="jump" coverage="50%" />
                    <condition number="22" type="jump" coverage="100%" />
                  </conditions>
                </line>
                <line number="217" hits="3" branch="False" />
                <line number="218" hits="3" branch="False" />
                <line number="220" hits="2" branch="False" />
                <line number="221" hits="5" branch="False" />
              </lines>
            </method>
            <method name="RestaurantNameCheck" signature="(System.String)" line-rate="1" branch-rate="0.75" complexity="4">
              <lines>
                <line number="225" hits="6" branch="False" />
                <line number="226" hits="6" branch="True" condition-coverage="75% (3/4)">
                  <conditions>
                    <condition number="2" type="jump" coverage="50%" />
                    <condition number="22" type="jump" coverage="100%" />
                  </conditions>
                </line>
                <line number="227" hits="3" branch="False" />
                <line number="228" hits="3" branch="False" />
                <line number="230" hits="3" branch="False" />
                <line number="231" hits="6" branch="False" />
              </lines>
            </method>
            <method name="GenreIdCheck" signature="(System.String)" line-rate="1" branch-rate="0.75" complexity="4">
              <lines>
                <line number="235" hits="6" branch="False" />
                <line number="236" hits="6" branch="True" condition-coverage="75% (3/4)">
                  <conditions>
                    <condition number="2" type="jump" coverage="50%" />
                    <condition number="22" type="jump" coverage="100%" />
                  </conditions>
                </line>
                <line number="237" hits="3" branch="False" />
                <line number="238" hits="3" branch="False" />
                <line number="240" hits="3" branch="False" />
                <line number="241" hits="6" branch="False" />
              </lines>
            </method>
            <method name="StationIdCheck" signature="(System.String)" line-rate="1" branch-rate="0.75" complexity="4">
              <lines>
                <line number="245" hits="6" branch="False" />
                <line number="246" hits="6" branch="True" condition-coverage="75% (3/4)">
                  <conditions>
                    <condition number="2" type="jump" coverage="50%" />
                    <condition number="22" type="jump" coverage="100%" />
                  </conditions>
                </line>
                <line number="247" hits="3" branch="False" />
                <line number="248" hits="3" branch="False" />
                <line number="250" hits="3" branch="False" />
                <line number="251" hits="6" branch="False" />
              </lines>
            </method>
            <method name="PostCodeCheck" signature="(System.String)" line-rate="1" branch-rate="0.6666" complexity="6">
              <lines>
                <line number="255" hits="6" branch="False" />
                <line number="256" hits="6" branch="True" condition-coverage="66.66% (4/6)">
                  <conditions>
                    <condition number="2" type="jump" coverage="50%" />
                    <condition number="11" type="jump" coverage="50%" />
                    <condition number="29" type="jump" coverage="100%" />
                  </conditions>
                </line>
                <line number="257" hits="3" branch="False" />
                <line number="258" hits="3" branch="False" />
                <line number="260" hits="3" branch="False" />
                <line number="261" hits="6" branch="False" />
              </lines>
            </method>
            <method name="AddressCheck" signature="(System.String)" line-rate="1" branch-rate="0.75" complexity="4">
              <lines>
                <line number="265" hits="6" branch="False" />
                <line number="266" hits="6" branch="True" condition-coverage="75% (3/4)">
                  <conditions>
                    <condition number="2" type="jump" coverage="50%" />
                    <condition number="22" type="jump" coverage="100%" />
                  </conditions>
                </line>
                <line number="267" hits="3" branch="False" />
                <line number="268" hits="3" branch="False" />
                <line number="270" hits="3" branch="False" />
                <line number="271" hits="6" branch="False" />
              </lines>
            </method>
            <method name="TelCheck" signature="(System.String)" line-rate="1" branch-rate="0.75" complexity="4">
              <lines>
                <line number="275" hits="6" branch="False" />
                <line number="276" hits="6" branch="True" condition-coverage="75% (3/4)">
                  <conditions>
                    <condition number="2" type="jump" coverage="50%" />
                    <condition number="22" type="jump" coverage="100%" />
                  </conditions>
                </line>
                <line number="277" hits="3" branch="False" />
                <line number="278" hits="3" branch="False" />
                <line number="280" hits="3" branch="False" />
                <line number="281" hits="6" branch="False" />
              </lines>
            </method>
            <method name="BusinessHoursCheck" signature="(System.String)" line-rate="1" branch-rate="0.75" complexity="4">
              <lines>
                <line number="285" hits="5" branch="False" />
                <line number="286" hits="5" branch="True" condition-coverage="75% (3/4)">
                  <conditions>
                    <condition number="2" type="jump" coverage="50%" />
                    <condition number="22" type="jump" coverage="100%" />
                  </conditions>
                </line>
                <line number="287" hits="3" branch="False" />
                <line number="288" hits="3" branch="False" />
                <line number="290" hits="2" branch="False" />
                <line number="291" hits="5" branch="False" />
              </lines>
            </method>
            <method name="DayOfWeekCheck" signature="(System.String)" line-rate="1" branch-rate="1" complexity="2">
              <lines>
                <line number="295" hits="30" branch="False" />
                <line number="297" hits="30" branch="True" condition-coverage="100% (2/2)">
                  <conditions>
                    <condition number="11" type="jump" coverage="100%" />
                  </conditions>
                </line>
                <line number="298" hits="15" branch="False" />
                <line number="299" hits="15" branch="False" />
                <line number="301" hits="15" branch="False" />
                <line number="302" hits="30" branch="False" />
              </lines>
            </method>
          </methods>
          <lines>
            <line number="19" hits="4" branch="False" />
            <line number="21" hits="4" branch="False" />
            <line number="22" hits="4" branch="False" />
            <line number="24" hits="128" branch="True" condition-coverage="100% (2/2)">
              <conditions>
                <condition number="659" type="jump" coverage="100%" />
              </conditions>
            </line>
            <line number="25" hits="60" branch="False" />
            <line number="26" hits="60" branch="False" />
            <line number="27" hits="60" branch="False" />
            <line number="30" hits="60" branch="True" condition-coverage="100% (16/16)">
              <conditions>
                <condition number="35" type="switch" coverage="100%" />
              </conditions>
            </line>
            <line number="34" hits="4" branch="True" condition-coverage="75% (3/4)">
              <conditions>
                <condition number="111" type="jump" coverage="50%" />
                <condition number="126" type="jump" coverage="100%" />
              </conditions>
            </line>
            <line number="35" hits="2" branch="False" />
            <line number="36" hits="2" branch="False" />
            <line number="37" hits="2" branch="False" />
            <line number="39" hits="2" branch="False" />
            <line number="40" hits="2" branch="False" />
            <line number="41" hits="2" branch="False" />
            <line number="42" hits="4" branch="False" />
            <line number="45" hits="4" branch="True" condition-coverage="75% (3/4)">
              <conditions>
                <condition number="155" type="jump" coverage="50%" />
                <condition number="170" type="jump" coverage="100%" />
              </conditions>
            </line>
            <line number="46" hits="2" branch="False" />
            <line number="47" hits="2" branch="False" />
            <line number="48" hits="2" branch="False" />
            <line number="50" hits="2" branch="False" />
            <line number="51" hits="2" branch="False" />
            <line number="52" hits="2" branch="False" />
            <line number="53" hits="4" branch="False" />
            <line number="56" hits="4" branch="True" condition-coverage="75% (3/4)">
              <conditions>
                <condition number="199" type="jump" coverage="50%" />
                <condition number="214" type="jump" coverage="100%" />
              </conditions>
            </line>
            <line number="57" hits="2" branch="False" />
            <line number="58" hits="2" branch="False" />
            <line number="59" hits="2" branch="False" />
            <line number="61" hits="2" branch="False" />
            <line number="62" hits="2" branch="False" />
            <line number="63" hits="2" branch="False" />
            <line number="64" hits="4" branch="False" />
            <line number="67" hits="4" branch="True" condition-coverage="75% (3/4)">
              <conditions>
                <condition number="243" type="jump" coverage="50%" />
                <condition number="258" type="jump" coverage="100%" />
              </conditions>
            </line>
            <line number="68" hits="2" branch="False" />
            <line number="69" hits="2" branch="False" />
            <line number="70" hits="2" branch="False" />
            <line number="72" hits="2" branch="False" />
            <line number="73" hits="2" branch="False" />
            <line number="74" hits="2" branch="False" />
            <line number="75" hits="4" branch="False" />
            <line number="78" hits="4" branch="True" condition-coverage="75% (3/4)">
              <conditions>
                <condition number="287" type="jump" coverage="50%" />
                <condition number="302" type="jump" coverage="100%" />
              </conditions>
            </line>
            <line number="79" hits="2" branch="False" />
            <line number="80" hits="2" branch="False" />
            <line number="81" hits="2" branch="False" />
            <line number="83" hits="2" branch="False" />
            <line number="84" hits="2" branch="False" />
            <line number="85" hits="2" branch="False" />
            <line number="86" hits="4" branch="False" />
            <line number="89" hits="4" branch="True" condition-coverage="100% (2/2)">
              <conditions>
                <condition number="335" type="jump" coverage="100%" />
              </conditions>
            </line>
            <line number="90" hits="2" branch="False" />
            <line number="91" hits="2" branch="False" />
            <line number="92" hits="2" branch="False" />
            <line number="94" hits="2" branch="False" />
            <line number="95" hits="2" branch="False" />
            <line number="96" hits="2" branch="False" />
            <line number="97" hits="4" branch="False" />
            <line number="100" hits="4" branch="True" condition-coverage="100% (2/2)">
              <conditions>
                <condition number="368" type="jump" coverage="100%" />
              </conditions>
            </line>
            <line number="101" hits="2" branch="False" />
            <line number="102" hits="2" branch="False" />
            <line number="103" hits="2" branch="False" />
            <line number="105" hits="2" branch="False" />
            <line number="106" hits="2" branch="False" />
            <line number="107" hits="2" branch="False" />
            <line number="108" hits="4" branch="False" />
            <line number="111" hits="4" branch="True" condition-coverage="100% (2/2)">
              <conditions>
                <condition number="401" type="jump" coverage="100%" />
              </conditions>
            </line>
            <line number="112" hits="2" branch="False" />
            <line number="113" hits="2" branch="False" />
            <line number="114" hits="2" branch="False" />
            <line number="116" hits="2" branch="False" />
            <line number="117" hits="2" branch="False" />
            <line number="118" hits="2" branch="False" />
            <line number="119" hits="4" branch="False" />
            <line number="122" hits="4" branch="True" condition-coverage="100% (2/2)">
              <conditions>
                <condition number="434" type="jump" coverage="100%" />
              </conditions>
            </line>
            <line number="123" hits="2" branch="False" />
            <line number="124" hits="2" branch="False" />
            <line number="125" hits="2" branch="False" />
            <line number="127" hits="2" branch="False" />
            <line number="128" hits="2" branch="False" />
            <line number="129" hits="2" branch="False" />
            <line number="130" hits="4" branch="False" />
            <line number="133" hits="4" branch="True" condition-coverage="100% (2/2)">
              <conditions>
                <condition number="467" type="jump" coverage="100%" />
              </conditions>
            </line>
            <line number="134" hits="2" branch="False" />
            <line number="135" hits="2" branch="False" />
            <line number="136" hits="2" branch="False" />
            <line number="138" hits="2" branch="False" />
            <line number="139" hits="2" branch="False" />
            <line number="140" hits="2" branch="False" />
            <line number="141" hits="4" branch="False" />
            <line number="144" hits="4" branch="True" condition-coverage="100% (2/2)">
              <conditions>
                <condition number="500" type="jump" coverage="100%" />
              </conditions>
            </line>
            <line number="145" hits="2" branch="False" />
            <line number="146" hits="2" branch="False" />
            <line number="147" hits="2" branch="False" />
            <line number="149" hits="2" branch="False" />
            <line number="150" hits="2" branch="False" />
            <line number="151" hits="2" branch="False" />
            <line number="152" hits="4" branch="False" />
            <line number="155" hits="4" branch="True" condition-coverage="100% (2/2)">
              <conditions>
                <condition number="530" type="jump" coverage="100%" />
              </conditions>
            </line>
            <line number="156" hits="2" branch="False" />
            <line number="157" hits="2" branch="False" />
            <line number="158" hits="2" branch="False" />
            <line number="160" hits="2" branch="False" />
            <line number="161" hits="2" branch="False" />
            <line number="162" hits="2" branch="False" />
            <line number="163" hits="4" branch="False" />
            <line number="166" hits="4" branch="True" condition-coverage="100% (2/2)">
              <conditions>
                <condition number="560" type="jump" coverage="100%" />
              </conditions>
            </line>
            <line number="167" hits="2" branch="False" />
            <line number="168" hits="2" branch="False" />
            <line number="169" hits="2" branch="False" />
            <line number="171" hits="2" branch="False" />
            <line number="172" hits="2" branch="False" />
            <line number="173" hits="2" branch="False" />
            <line number="174" hits="4" branch="False" />
            <line number="177" hits="4" branch="True" condition-coverage="100% (2/2)">
              <conditions>
                <condition number="590" type="jump" coverage="100%" />
              </conditions>
            </line>
            <line number="178" hits="2" branch="False" />
            <line number="179" hits="2" branch="False" />
            <line number="180" hits="2" branch="False" />
            <line number="182" hits="2" branch="False" />
            <line number="183" hits="2" branch="False" />
            <line number="184" hits="2" branch="False" />
            <line number="185" hits="4" branch="False" />
            <line number="188" hits="4" branch="True" condition-coverage="100% (2/2)">
              <conditions>
                <condition number="620" type="jump" coverage="100%" />
              </conditions>
            </line>
            <line number="189" hits="2" branch="False" />
            <line number="190" hits="2" branch="False" />
            <line number="191" hits="2" branch="False" />
            <line number="193" hits="2" branch="False" />
            <line number="194" hits="2" branch="False" />
            <line number="195" hits="2" branch="False" />
            <line number="196" hits="4" branch="False" />
            <line number="198" hits="60" branch="False" />
            <line number="199" hits="60" branch="False" />
            <line number="200" hits="4" branch="False" />
            <line number="201" hits="4" branch="False" />
            <line number="205" hits="22" branch="False" />
            <line number="206" hits="22" branch="True" condition-coverage="100% (2/2)">
              <conditions>
                <condition number="12" type="jump" coverage="100%" />
              </conditions>
            </line>
            <line number="207" hits="21" branch="False" />
            <line number="208" hits="21" branch="False" />
            <line number="210" hits="1" branch="False" />
            <line number="211" hits="22" branch="False" />
            <line number="215" hits="5" branch="False" />
            <line number="216" hits="5" branch="True" condition-coverage="75% (3/4)">
              <conditions>
                <condition number="2" type="jump" coverage="50%" />
                <condition number="22" type="jump" coverage="100%" />
              </conditions>
            </line>
            <line number="217" hits="3" branch="False" />
            <line number="218" hits="3" branch="False" />
            <line number="220" hits="2" branch="False" />
            <line number="221" hits="5" branch="False" />
            <line number="225" hits="6" branch="False" />
            <line number="226" hits="6" branch="True" condition-coverage="75% (3/4)">
              <conditions>
                <condition number="2" type="jump" coverage="50%" />
                <condition number="22" type="jump" coverage="100%" />
              </conditions>
            </line>
            <line number="227" hits="3" branch="False" />
            <line number="228" hits="3" branch="False" />
            <line number="230" hits="3" branch="False" />
            <line number="231" hits="6" branch="False" />
            <line number="235" hits="6" branch="False" />
            <line number="236" hits="6" branch="True" condition-coverage="75% (3/4)">
              <conditions>
                <condition number="2" type="jump" coverage="50%" />
                <condition number="22" type="jump" coverage="100%" />
              </conditions>
            </line>
            <line number="237" hits="3" branch="False" />
            <line number="238" hits="3" branch="False" />
            <line number="240" hits="3" branch="False" />
            <line number="241" hits="6" branch="False" />
            <line number="245" hits="6" branch="False" />
            <line number="246" hits="6" branch="True" condition-coverage="75% (3/4)">
              <conditions>
                <condition number="2" type="jump" coverage="50%" />
                <condition number="22" type="jump" coverage="100%" />
              </conditions>
            </line>
            <line number="247" hits="3" branch="False" />
            <line number="248" hits="3" branch="False" />
            <line number="250" hits="3" branch="False" />
            <line number="251" hits="6" branch="False" />
            <line number="255" hits="6" branch="False" />
            <line number="256" hits="6" branch="True" condition-coverage="66.66% (4/6)">
              <conditions>
                <condition number="2" type="jump" coverage="50%" />
                <condition number="11" type="jump" coverage="50%" />
                <condition number="29" type="jump" coverage="100%" />
              </conditions>
            </line>
            <line number="257" hits="3" branch="False" />
            <line number="258" hits="3" branch="False" />
            <line number="260" hits="3" branch="False" />
            <line number="261" hits="6" branch="False" />
            <line number="265" hits="6" branch="False" />
            <line number="266" hits="6" branch="True" condition-coverage="75% (3/4)">
              <conditions>
                <condition number="2" type="jump" coverage="50%" />
                <condition number="22" type="jump" coverage="100%" />
              </conditions>
            </line>
            <line number="267" hits="3" branch="False" />
            <line number="268" hits="3" branch="False" />
            <line number="270" hits="3" branch="False" />
            <line number="271" hits="6" branch="False" />
            <line number="275" hits="6" branch="False" />
            <line number="276" hits="6" branch="True" condition-coverage="75% (3/4)">
              <conditions>
                <condition number="2" type="jump" coverage="50%" />
                <condition number="22" type="jump" coverage="100%" />
              </conditions>
            </line>
            <line number="277" hits="3" branch="False" />
            <line number="278" hits="3" branch="False" />
            <line number="280" hits="3" branch="False" />
            <line number="281" hits="6" branch="False" />
            <line number="285" hits="5" branch="False" />
            <line number="286" hits="5" branch="True" condition-coverage="75% (3/4)">
              <conditions>
                <condition number="2" type="jump" coverage="50%" />
                <condition number="22" type="jump" coverage="100%" />
              </conditions>
            </line>
            <line number="287" hits="3" branch="False" />
            <line number="288" hits="3" branch="False" />
            <line number="290" hits="2" branch="False" />
            <line number="291" hits="5" branch="False" />
            <line number="295" hits="30" branch="False" />
            <line number="297" hits="30" branch="True" condition-coverage="100% (2/2)">
              <conditions>
                <condition number="11" type="jump" coverage="100%" />
              </conditions>
            </line>
            <line number="298" hits="15" branch="False" />
            <line number="299" hits="15" branch="False" />
            <line number="301" hits="15" branch="False" />
            <line number="302" hits="30" branch="False" />
          </lines>
        </class>
        <class name="azure_import_csv.DbRegist" filename="DbRegist.cs" line-rate="1" branch-rate="1" complexity="1">
          <methods>
            <method name=".ctor" signature="()" line-rate="1" branch-rate="1" complexity="1">
              <lines>
                <line number="18" hits="3" branch="False" />
              </lines>
            </method>
          </methods>
          <lines>
            <line number="18" hits="3" branch="False" />
          </lines>
        </class>
        <class name="azure_import_csv.DbRegist/&lt;regist&gt;d__1" filename="DbRegist.cs" line-rate="1" branch-rate="1" complexity="10">
          <methods>
            <method name="MoveNext" signature="()" line-rate="1" branch-rate="1" complexity="10">
              <lines>
                <line number="21" hits="3" branch="False" />
                <line number="24" hits="3" branch="False" />
                <line number="26" hits="3" branch="False" />
                <line number="29" hits="3" branch="False" />
                <line number="30" hits="3" branch="False" />
                <line number="34" hits="3" branch="False" />
                <line number="35" hits="12" branch="True" condition-coverage="100% (2/2)">
                  <conditions>
                    <condition number="347" type="jump" coverage="100%" />
                  </conditions>
                </line>
                <line number="36" hits="3" branch="False" />
                <line number="37" hits="3" branch="False" />
                <line number="38" hits="3" branch="False" />
                <line number="41" hits="3" branch="True" condition-coverage="100% (2/2)">
                  <conditions>
                    <condition number="567" type="jump" coverage="100%" />
                  </conditions>
                </line>
                <line number="42" hits="3" branch="False" />
                <line number="45" hits="3" branch="False" />
                <line number="47" hits="3" branch="True" condition-coverage="100% (2/2)">
                  <conditions>
                    <condition number="608" type="jump" coverage="100%" />
                  </conditions>
                </line>
                <line number="48" hits="3" branch="False" />
                <line number="49" hits="3" branch="False" />
                <line number="50" hits="3" branch="False" />
                <line number="51" hits="3" branch="False" />
                <line number="54" hits="3" branch="False" />
                <line number="56" hits="13" branch="True" condition-coverage="100% (2/2)">
                  <conditions>
                    <condition number="1382" type="jump" coverage="100%" />
                  </conditions>
                </line>
                <line number="57" hits="3" branch="False" />
                <line number="61" hits="3" branch="False" />
                <line number="62" hits="3" branch="False" />
                <line number="63" hits="3" branch="False" />
                <line number="64" hits="3" branch="False" />
                <line number="65" hits="3" branch="False" />
                <line number="66" hits="3" branch="False" />
                <line number="67" hits="3" branch="False" />
                <line number="68" hits="3" branch="False" />
                <line number="69" hits="3" branch="False" />
                <line number="70" hits="3" branch="False" />
                <line number="71" hits="3" branch="False" />
                <line number="72" hits="3" branch="False" />
                <line number="73" hits="3" branch="False" />
                <line number="74" hits="3" branch="False" />
                <line number="75" hits="3" branch="False" />
                <line number="76" hits="3" branch="False" />
                <line number="77" hits="3" branch="False" />
                <line number="79" hits="1" branch="False" />
                <line number="80" hits="1" branch="False" />
                <line number="81" hits="1" branch="False" />
                <line number="82" hits="2" branch="False" />
                <line number="83" hits="2" branch="False" />
                <line number="85" hits="2" branch="False" />
                <line number="89" hits="2" branch="False" />
                <line number="90" hits="2" branch="False" />
                <line number="92" hits="2" branch="True" condition-coverage="100% (2/2)">
                  <conditions>
                    <condition number="1696" type="jump" coverage="100%" />
                  </conditions>
                </line>
                <line number="93" hits="2" branch="False" />
                <line number="94" hits="2" branch="False" />
                <line number="95" hits="2" branch="False" />
                <line number="97" hits="2" branch="False" />
                <line number="100" hits="2" branch="False" />
                <line number="101" hits="2" branch="False" />
                <line number="102" hits="2" branch="False" />
                <line number="103" hits="2" branch="False" />
                <line number="104" hits="2" branch="False" />
                <line number="106" hits="2" branch="False" />
                <line number="107" hits="3" branch="False" />
                <line number="108" hits="3" branch="False" />
                <line number="109" hits="3" branch="False" />
              </lines>
            </method>
          </methods>
          <lines>
            <line number="21" hits="3" branch="False" />
            <line number="24" hits="3" branch="False" />
            <line number="26" hits="3" branch="False" />
            <line number="29" hits="3" branch="False" />
            <line number="30" hits="3" branch="False" />
            <line number="34" hits="3" branch="False" />
            <line number="35" hits="12" branch="True" condition-coverage="100% (2/2)">
              <conditions>
                <condition number="347" type="jump" coverage="100%" />
              </conditions>
            </line>
            <line number="36" hits="3" branch="False" />
            <line number="37" hits="3" branch="False" />
            <line number="38" hits="3" branch="False" />
            <line number="41" hits="3" branch="True" condition-coverage="100% (2/2)">
              <conditions>
                <condition number="567" type="jump" coverage="100%" />
              </conditions>
            </line>
            <line number="42" hits="3" branch="False" />
            <line number="45" hits="3" branch="False" />
            <line number="47" hits="3" branch="True" condition-coverage="100% (2/2)">
              <conditions>
                <condition number="608" type="jump" coverage="100%" />
              </conditions>
            </line>
            <line number="48" hits="3" branch="False" />
            <line number="49" hits="3" branch="False" />
            <line number="50" hits="3" branch="False" />
            <line number="51" hits="3" branch="False" />
            <line number="54" hits="3" branch="False" />
            <line number="56" hits="13" branch="True" condition-coverage="100% (2/2)">
              <conditions>
                <condition number="1382" type="jump" coverage="100%" />
              </conditions>
            </line>
            <line number="57" hits="3" branch="False" />
            <line number="61" hits="3" branch="False" />
            <line number="62" hits="3" branch="False" />
            <line number="63" hits="3" branch="False" />
            <line number="64" hits="3" branch="False" />
            <line number="65" hits="3" branch="False" />
            <line number="66" hits="3" branch="False" />
            <line number="67" hits="3" branch="False" />
            <line number="68" hits="3" branch="False" />
            <line number="69" hits="3" branch="False" />
            <line number="70" hits="3" branch="False" />
            <line number="71" hits="3" branch="False" />
            <line number="72" hits="3" branch="False" />
            <line number="73" hits="3" branch="False" />
            <line number="74" hits="3" branch="False" />
            <line number="75" hits="3" branch="False" />
            <line number="76" hits="3" branch="False" />
            <line number="77" hits="3" branch="False" />
            <line number="79" hits="1" branch="False" />
            <line number="80" hits="1" branch="False" />
            <line number="81" hits="1" branch="False" />
            <line number="82" hits="2" branch="False" />
            <line number="83" hits="2" branch="False" />
            <line number="85" hits="2" branch="False" />
            <line number="89" hits="2" branch="False" />
            <line number="90" hits="2" branch="False" />
            <line number="92" hits="2" branch="True" condition-coverage="100% (2/2)">
              <conditions>
                <condition number="1696" type="jump" coverage="100%" />
              </conditions>
            </line>
            <line number="93" hits="2" branch="False" />
            <line number="94" hits="2" branch="False" />
            <line number="95" hits="2" branch="False" />
            <line number="97" hits="2" branch="False" />
            <line number="100" hits="2" branch="False" />
            <line number="101" hits="2" branch="False" />
            <line number="102" hits="2" branch="False" />
            <line number="103" hits="2" branch="False" />
            <line number="104" hits="2" branch="False" />
            <line number="106" hits="2" branch="False" />
            <line number="107" hits="3" branch="False" />
            <line number="108" hits="3" branch="False" />
            <line number="109" hits="3" branch="False" />
          </lines>
        </class>
        <class name="azure_import_csv.Execute" filename="Execute.cs" line-rate="1" branch-rate="1" complexity="1">
          <methods>
            <method name=".ctor" signature="()" line-rate="1" branch-rate="1" complexity="1">
              <lines>
                <line number="16" hits="1" branch="False" />
                <line number="17" hits="1" branch="False" />
              </lines>
            </method>
          </methods>
          <lines>
            <line number="16" hits="1" branch="False" />
            <line number="17" hits="1" branch="False" />
          </lines>
        </class>
        <class name="azure_import_csv.Execute/&lt;exe&gt;d__2" filename="Execute.cs" line-rate="1" branch-rate="1" complexity="20">
          <methods>
            <method name="MoveNext" signature="()" line-rate="1" branch-rate="1" complexity="20">
              <lines>
                <line number="20" hits="1" branch="False" />
                <line number="22" hits="1" branch="False" />
                <line number="23" hits="1" branch="False" />
                <line number="26" hits="1" branch="False" />
                <line number="27" hits="1" branch="False" />
                <line number="28" hits="1" branch="False" />
                <line number="29" hits="1" branch="False" />
                <line number="32" hits="1" branch="False" />
                <line number="34" hits="1" branch="False" />
                <line number="35" hits="7" branch="True" condition-coverage="100% (2/2)">
                  <conditions>
                    <condition number="632" type="jump" coverage="100%" />
                  </conditions>
                </line>
                <line number="36" hits="2" branch="False" />
                <line number="37" hits="2" branch="True" condition-coverage="100% (2/2)">
                  <conditions>
                    <condition number="478" type="jump" coverage="100%" />
                  </conditions>
                </line>
                <line number="38" hits="2" branch="False" />
                <line number="39" hits="2" branch="False" />
                <line number="40" hits="2" branch="False" />
                <line number="41" hits="2" branch="False" />
                <line number="46" hits="7" branch="True" condition-coverage="100% (4/4)">
                  <conditions>
                    <condition number="3116" type="jump" coverage="100%" />
                    <condition number="858" type="jump" coverage="100%" />
                  </conditions>
                </line>
                <line number="47" hits="2" branch="False" />
                <line number="48" hits="2" branch="False" />
                <line number="49" hits="2" branch="False" />
                <line number="51" hits="2" branch="False" />
                <line number="52" hits="2" branch="False" />
                <line number="54" hits="2" branch="False" />
                <line number="55" hits="2" branch="False" />
                <line number="57" hits="2" branch="False" />
                <line number="58" hits="2" branch="False" />
                <line number="60" hits="4" branch="True" condition-coverage="100% (2/2)">
                  <conditions>
                    <condition number="1469" type="jump" coverage="100%" />
                  </conditions>
                </line>
                <line number="61" hits="2" branch="False" />
                <line number="62" hits="2" branch="False" />
                <line number="63" hits="2" branch="False" />
                <line number="64" hits="2" branch="False" />
                <line number="65" hits="2" branch="False" />
                <line number="66" hits="2" branch="False" />
                <line number="68" hits="2" branch="False" />
                <line number="69" hits="2" branch="False" />
                <line number="71" hits="2" branch="True" condition-coverage="100% (2/2)">
                  <conditions>
                    <condition number="1366" type="jump" coverage="100%" />
                  </conditions>
                </line>
                <line number="72" hits="1" branch="False" />
                <line number="73" hits="1" branch="False" />
                <line number="74" hits="1" branch="False" />
                <line number="76" hits="1" branch="False" />
                <line number="78" hits="1" branch="False" />
                <line number="79" hits="1" branch="False" />
                <line number="80" hits="2" branch="False" />
                <line number="83" hits="2" branch="True" condition-coverage="100% (2/2)">
                  <conditions>
                    <condition number="1492" type="jump" coverage="100%" />
                  </conditions>
                </line>
                <line number="84" hits="1" branch="False" />
                <line number="86" hits="1" branch="False" />
                <line number="87" hits="1" branch="False" />
                <line number="89" hits="1" branch="True" condition-coverage="100% (2/2)">
                  <conditions>
                    <condition number="1688" type="jump" coverage="100%" />
                  </conditions>
                </line>
                <line number="90" hits="1" branch="False" />
                <line number="91" hits="1" branch="False" />
                <line number="92" hits="1" branch="False" />
                <line number="94" hits="1" branch="False" />
                <line number="96" hits="1" branch="False" />
                <line number="97" hits="1" branch="False" />
                <line number="100" hits="5" branch="True" condition-coverage="100% (2/2)">
                  <conditions>
                    <condition number="2326" type="jump" coverage="100%" />
                  </conditions>
                </line>
                <line number="101" hits="1" branch="False" />
                <line number="103" hits="1" branch="False" />
                <line number="104" hits="1" branch="False" />
                <line number="105" hits="1" branch="False" />
                <line number="106" hits="1" branch="False" />
                <line number="107" hits="1" branch="False" />
                <line number="108" hits="1" branch="False" />
                <line number="109" hits="1" branch="False" />
                <line number="110" hits="1" branch="False" />
                <line number="114" hits="1" branch="False" />
                <line number="115" hits="1" branch="False" />
                <line number="117" hits="1" branch="False" />
                <line number="118" hits="1" branch="False" />
                <line number="120" hits="1" branch="True" condition-coverage="100% (2/2)">
                  <conditions>
                    <condition number="2723" type="jump" coverage="100%" />
                  </conditions>
                </line>
                <line number="121" hits="1" branch="False" />
                <line number="122" hits="1" branch="False" />
                <line number="123" hits="1" branch="False" />
                <line number="125" hits="1" branch="False" />
                <line number="127" hits="1" branch="False" />
                <line number="128" hits="1" branch="False" />
                <line number="129" hits="1" branch="False" />
                <line number="131" hits="1" branch="False" />
                <line number="132" hits="1" branch="False" />
                <line number="133" hits="1" branch="False" />
                <line number="134" hits="1" branch="False" />
                <line number="135" hits="1" branch="False" />
              </lines>
            </method>
          </methods>
          <lines>
            <line number="20" hits="1" branch="False" />
            <line number="22" hits="1" branch="False" />
            <line number="23" hits="1" branch="False" />
            <line number="26" hits="1" branch="False" />
            <line number="27" hits="1" branch="False" />
            <line number="28" hits="1" branch="False" />
            <line number="29" hits="1" branch="False" />
            <line number="32" hits="1" branch="False" />
            <line number="34" hits="1" branch="False" />
            <line number="35" hits="7" branch="True" condition-coverage="100% (2/2)">
              <conditions>
                <condition number="632" type="jump" coverage="100%" />
              </conditions>
            </line>
            <line number="36" hits="2" branch="False" />
            <line number="37" hits="2" branch="True" condition-coverage="100% (2/2)">
              <conditions>
                <condition number="478" type="jump" coverage="100%" />
              </conditions>
            </line>
            <line number="38" hits="2" branch="False" />
            <line number="39" hits="2" branch="False" />
            <line number="40" hits="2" branch="False" />
            <line number="41" hits="2" branch="False" />
            <line number="46" hits="7" branch="True" condition-coverage="100% (4/4)">
              <conditions>
                <condition number="3116" type="jump" coverage="100%" />
                <condition number="858" type="jump" coverage="100%" />
              </conditions>
            </line>
            <line number="47" hits="2" branch="False" />
            <line number="48" hits="2" branch="False" />
            <line number="49" hits="2" branch="False" />
            <line number="51" hits="2" branch="False" />
            <line number="52" hits="2" branch="False" />
            <line number="54" hits="2" branch="False" />
            <line number="55" hits="2" branch="False" />
            <line number="57" hits="2" branch="False" />
            <line number="58" hits="2" branch="False" />
            <line number="60" hits="4" branch="True" condition-coverage="100% (2/2)">
              <conditions>
                <condition number="1469" type="jump" coverage="100%" />
              </conditions>
            </line>
            <line number="61" hits="2" branch="False" />
            <line number="62" hits="2" branch="False" />
            <line number="63" hits="2" branch="False" />
            <line number="64" hits="2" branch="False" />
            <line number="65" hits="2" branch="False" />
            <line number="66" hits="2" branch="False" />
            <line number="68" hits="2" branch="False" />
            <line number="69" hits="2" branch="False" />
            <line number="71" hits="2" branch="True" condition-coverage="100% (2/2)">
              <conditions>
                <condition number="1366" type="jump" coverage="100%" />
              </conditions>
            </line>
            <line number="72" hits="1" branch="False" />
            <line number="73" hits="1" branch="False" />
            <line number="74" hits="1" branch="False" />
            <line number="76" hits="1" branch="False" />
            <line number="78" hits="1" branch="False" />
            <line number="79" hits="1" branch="False" />
            <line number="80" hits="2" branch="False" />
            <line number="83" hits="2" branch="True" condition-coverage="100% (2/2)">
              <conditions>
                <condition number="1492" type="jump" coverage="100%" />
              </conditions>
            </line>
            <line number="84" hits="1" branch="False" />
            <line number="86" hits="1" branch="False" />
            <line number="87" hits="1" branch="False" />
            <line number="89" hits="1" branch="True" condition-coverage="100% (2/2)">
              <conditions>
                <condition number="1688" type="jump" coverage="100%" />
              </conditions>
            </line>
            <line number="90" hits="1" branch="False" />
            <line number="91" hits="1" branch="False" />
            <line number="92" hits="1" branch="False" />
            <line number="94" hits="1" branch="False" />
            <line number="96" hits="1" branch="False" />
            <line number="97" hits="1" branch="False" />
            <line number="100" hits="5" branch="True" condition-coverage="100% (2/2)">
              <conditions>
                <condition number="2326" type="jump" coverage="100%" />
              </conditions>
            </line>
            <line number="101" hits="1" branch="False" />
            <line number="103" hits="1" branch="False" />
            <line number="104" hits="1" branch="False" />
            <line number="105" hits="1" branch="False" />
            <line number="106" hits="1" branch="False" />
            <line number="107" hits="1" branch="False" />
            <line number="108" hits="1" branch="False" />
            <line number="109" hits="1" branch="False" />
            <line number="110" hits="1" branch="False" />
            <line number="114" hits="1" branch="False" />
            <line number="115" hits="1" branch="False" />
            <line number="117" hits="1" branch="False" />
            <line number="118" hits="1" branch="False" />
            <line number="120" hits="1" branch="True" condition-coverage="100% (2/2)">
              <conditions>
                <condition number="2723" type="jump" coverage="100%" />
              </conditions>
            </line>
            <line number="121" hits="1" branch="False" />
            <line number="122" hits="1" branch="False" />
            <line number="123" hits="1" branch="False" />
            <line number="125" hits="1" branch="False" />
            <line number="127" hits="1" branch="False" />
            <line number="128" hits="1" branch="False" />
            <line number="129" hits="1" branch="False" />
            <line number="131" hits="1" branch="False" />
            <line number="132" hits="1" branch="False" />
            <line number="133" hits="1" branch="False" />
            <line number="134" hits="1" branch="False" />
            <line number="135" hits="1" branch="False" />
          </lines>
        </class>
        <class name="azure_import_csv.Log/&lt;LogSetting&gt;d__0" filename="Log.cs" line-rate="0.8" branch-rate="0.5" complexity="2">
          <methods>
            <method name="MoveNext" signature="()" line-rate="0.8" branch-rate="0.5" complexity="2">
              <lines>
                <line number="15" hits="6" branch="False" />
                <line number="16" hits="6" branch="False" />
                <line number="17" hits="6" branch="False" />
                <line number="20" hits="6" branch="False" />
                <line number="21" hits="6" branch="False" />
                <line number="25" hits="6" branch="False" />
                <line number="26" hits="6" branch="False" />
                <line number="29" hits="6" branch="False" />
                <line number="30" hits="6" branch="True" condition-coverage="50% (1/2)">
                  <conditions>
                    <condition number="273" type="jump" coverage="50%" />
                  </conditions>
                </line>
                <line number="31" hits="0" branch="False" />
                <line number="32" hits="0" branch="False" />
                <line number="33" hits="0" branch="False" />
                <line number="34" hits="0" branch="False" />
                <line number="37" hits="6" branch="False" />
                <line number="38" hits="6" branch="False" />
                <line number="40" hits="6" branch="False" />
                <line number="41" hits="6" branch="False" />
                <line number="42" hits="6" branch="False" />
                <line number="43" hits="6" branch="False" />
                <line number="45" hits="6" branch="False" />
              </lines>
            </method>
          </methods>
          <lines>
            <line number="15" hits="6" branch="False" />
            <line number="16" hits="6" branch="False" />
            <line number="17" hits="6" branch="False" />
            <line number="20" hits="6" branch="False" />
            <line number="21" hits="6" branch="False" />
            <line number="25" hits="6" branch="False" />
            <line number="26" hits="6" branch="False" />
            <line number="29" hits="6" branch="False" />
            <line number="30" hits="6" branch="True" condition-coverage="50% (1/2)">
              <conditions>
                <condition number="273" type="jump" coverage="50%" />
              </conditions>
            </line>
            <line number="31" hits="0" branch="False" />
            <line number="32" hits="0" branch="False" />
            <line number="33" hits="0" branch="False" />
            <line number="34" hits="0" branch="False" />
            <line number="37" hits="6" branch="False" />
            <line number="38" hits="6" branch="False" />
            <line number="40" hits="6" branch="False" />
            <line number="41" hits="6" branch="False" />
            <line number="42" hits="6" branch="False" />
            <line number="43" hits="6" branch="False" />
            <line number="45" hits="6" branch="False" />
          </lines>
        </class>
        <class name="azure_import_csv.Restaurant" filename="Restaurant.cs" line-rate="1" branch-rate="1" complexity="15">
          <methods>
            <method name="get_RestaurantId" signature="()" line-rate="1" branch-rate="1" complexity="1">
              <lines>
                <line number="11" hits="7" branch="False" />
              </lines>
            </method>
            <method name="get_RestaurantName" signature="()" line-rate="1" branch-rate="1" complexity="1">
              <lines>
                <line number="12" hits="7" branch="False" />
              </lines>
            </method>
            <method name="get_GenreId" signature="()" line-rate="1" branch-rate="1" complexity="1">
              <lines>
                <line number="13" hits="7" branch="False" />
              </lines>
            </method>
            <method name="get_StationId" signature="()" line-rate="1" branch-rate="1" complexity="1">
              <lines>
                <line number="14" hits="7" branch="False" />
              </lines>
            </method>
            <method name="get_PostCode" signature="()" line-rate="1" branch-rate="1" complexity="1">
              <lines>
                <line number="15" hits="7" branch="False" />
              </lines>
            </method>
            <method name="get_Address" signature="()" line-rate="1" branch-rate="1" complexity="1">
              <lines>
                <line number="16" hits="7" branch="False" />
              </lines>
            </method>
            <method name="get_Tel" signature="()" line-rate="1" branch-rate="1" complexity="1">
              <lines>
                <line number="17" hits="7" branch="False" />
              </lines>
            </method>
            <method name="get_BusinessHours" signature="()" line-rate="1" branch-rate="1" complexity="1">
              <lines>
                <line number="18" hits="7" branch="False" />
              </lines>
            </method>
            <method name="get_Monday" signature="()" line-rate="1" branch-rate="1" complexity="1">
              <lines>
                <line number="19" hits="7" branch="False" />
              </lines>
            </method>
            <method name="get_Tuesday" signature="()" line-rate="1" branch-rate="1" complexity="1">
              <lines>
                <line number="20" hits="7" branch="False" />
              </lines>
            </method>
            <method name="get_Wednesday" signature="()" line-rate="1" branch-rate="1" complexity="1">
              <lines>
                <line number="21" hits="7" branch="False" />
              </lines>
            </method>
            <method name="get_Thursday" signature="()" line-rate="1" branch-rate="1" complexity="1">
              <lines>
                <line number="22" hits="7" branch="False" />
              </lines>
            </method>
            <method name="get_Friday" signature="()" line-rate="1" branch-rate="1" complexity="1">
              <lines>
                <line number="23" hits="8" branch="False" />
              </lines>
            </method>
            <method name="get_Saturday" signature="()" line-rate="1" branch-rate="1" complexity="1">
              <lines>
                <line number="24" hits="7" branch="False" />
              </lines>
            </method>
            <method name="get_Sunday" signature="()" line-rate="1" branch-rate="1" complexity="1">
              <lines>
                <line number="25" hits="6" branch="False" />
              </lines>
            </method>
          </methods>
          <lines>
            <line number="11" hits="7" branch="False" />
            <line number="12" hits="7" branch="False" />
            <line number="13" hits="7" branch="False" />
            <line number="14" hits="7" branch="False" />
            <line number="15" hits="7" branch="False" />
            <line number="16" hits="7" branch="False" />
            <line number="17" hits="7" branch="False" />
            <line number="18" hits="7" branch="False" />
            <line number="19" hits="7" branch="False" />
            <line number="20" hits="7" branch="False" />
            <line number="21" hits="7" branch="False" />
            <line number="22" hits="7" branch="False" />
            <line number="23" hits="8" branch="False" />
            <line number="24" hits="7" branch="False" />
            <line number="25" hits="6" branch="False" />
          </lines>
        </class>
      </classes>
    </package>
  </packages>
</coverage>